Traceback (most recent call last):
  File "/Users/alexjames/miniconda3/envs/ammonyte/lib/python3.10/site-packages/jupyter_cache/executors/utils.py", line 58, in single_nb_execution
    executenb(
  File "/Users/alexjames/miniconda3/envs/ammonyte/lib/python3.10/site-packages/nbclient/client.py", line 1305, in execute
    return NotebookClient(nb=nb, resources=resources, km=km, **kwargs).execute()
  File "/Users/alexjames/miniconda3/envs/ammonyte/lib/python3.10/site-packages/jupyter_core/utils/__init__.py", line 165, in wrapped
    return loop.run_until_complete(inner)
  File "/Users/alexjames/miniconda3/envs/ammonyte/lib/python3.10/asyncio/base_events.py", line 649, in run_until_complete
    return future.result()
  File "/Users/alexjames/miniconda3/envs/ammonyte/lib/python3.10/site-packages/nbclient/client.py", line 705, in async_execute
    await self.async_execute_cell(
  File "/Users/alexjames/miniconda3/envs/ammonyte/lib/python3.10/site-packages/nbclient/client.py", line 1058, in async_execute_cell
    await self._check_raise_for_error(cell, cell_index, exec_reply)
  File "/Users/alexjames/miniconda3/envs/ammonyte/lib/python3.10/site-packages/nbclient/client.py", line 914, in _check_raise_for_error
    raise CellExecutionError.from_cell_and_msg(cell, exec_reply_content)
nbclient.exceptions.CellExecutionError: An error occurred while executing the following cell:
------------------
greenland_ms = pyleo.MultipleSeries([series.slice((0,end_time)) for series in greenland_ms_list])
greenland_ms.stackplot(colors=color_list[:len(greenland_ms.series_list)])
------------------


[0;31m---------------------------------------------------------------------------[0m
[0;31mValueError[0m                                Traceback (most recent call last)
Cell [0;32mIn[8], line 2[0m
[1;32m      1[0m greenland_ms [38;5;241m=[39m pyleo[38;5;241m.[39mMultipleSeries([series[38;5;241m.[39mslice(([38;5;241m0[39m,end_time)) [38;5;28;01mfor[39;00m series [38;5;129;01min[39;00m greenland_ms_list])
[0;32m----> 2[0m [43mgreenland_ms[49m[38;5;241;43m.[39;49m[43mstackplot[49m[43m([49m[43mcolors[49m[38;5;241;43m=[39;49m[43mcolor_list[49m[43m[[49m[43m:[49m[38;5;28;43mlen[39;49m[43m([49m[43mgreenland_ms[49m[38;5;241;43m.[39;49m[43mseries_list[49m[43m)[49m[43m][49m[43m)[49m

File [0;32m~/miniconda3/envs/ammonyte/lib/python3.10/site-packages/pyleoclim/core/multipleseries.py:1866[0m, in [0;36mMultipleSeries.stackplot[0;34m(self, figsize, savefig_settings, time_unit, xlim, fill_between_alpha, colors, cmap, norm, labels, ylabel_fontsize, spine_lw, grid_lw, label_x_loc, v_shift_factor, linewidth, plot_kwargs)[0m
[1;32m   1863[0m         [38;5;28;01mraise[39;00m [38;5;167;01mValueError[39;00m([38;5;124m"[39m[38;5;124mThe length of the label list should match the number of timeseries to be plotted[39m[38;5;124m"[39m)
[1;32m   1865[0m [38;5;66;03m# deal with time units[39;00m
[0;32m-> 1866[0m [38;5;28mself[39m [38;5;241m=[39m [38;5;28;43mself[39;49m[38;5;241;43m.[39;49m[43mconvert_time_unit[49m[43m([49m[43mtime_unit[49m[38;5;241;43m=[39;49m[43mtime_unit[49m[43m)[49m
[1;32m   1868[0m [38;5;66;03m# Deal with plotting arguments[39;00m
[1;32m   1869[0m [38;5;28;01mif[39;00m [38;5;28mtype[39m(plot_kwargs)[38;5;241m==[39m[38;5;28mdict[39m:

File [0;32m~/miniconda3/envs/ammonyte/lib/python3.10/site-packages/pyleoclim/core/multipleseries.py:268[0m, in [0;36mMultipleSeries.convert_time_unit[0;34m(self, time_unit)[0m
[1;32m    266[0m     [38;5;28;01mfor[39;00m i, u [38;5;129;01min[39;00m [38;5;28menumerate[39m(unique_units):
[1;32m    267[0m         count_units[i] [38;5;241m=[39m units[38;5;241m.[39mcount(u)
[0;32m--> 268[0m     time_unit [38;5;241m=[39m unique_units[[43mcount_units[49m[38;5;241;43m.[39;49m[43margmax[49m[43m([49m[43m)[49m]                
[1;32m    270[0m new_ms [38;5;241m=[39m [38;5;28mself[39m[38;5;241m.[39mcopy()
[1;32m    271[0m new_ts_list [38;5;241m=[39m []

[0;31mValueError[0m: attempt to get argmax of an empty sequence

